SF:lib\linear_search.dart
DA:1,1
DA:2,3
DA:3,2
LF:3
LH:3
end_of_record
SF:lib\bubble_sort.dart
DA:1,1
DA:4,3
DA:5,5
DA:6,4
DA:7,2
DA:8,3
DA:9,1
LF:7
LH:7
end_of_record
SF:lib\binary_search.dart
DA:1,1
DA:2,1
DA:5,4
DA:7,2
DA:9,2
DA:10,1
DA:14,1
LF:7
LH:7
end_of_record
SF:lib\maze_solver.dart
DA:10,1
DA:18,1
DA:20,5
DA:22,1
DA:23,1
DA:27,4
DA:29,4
DA:30,1
DA:32,3
DA:33,1
DA:35,1
DA:38,1
DA:46,1
DA:50,1
DA:56,1
DA:57,1
DA:59,3
DA:60,4
DA:62,1
DA:67,1
DA:68,2
DA:69,4
DA:70,2
DA:71,3
LF:24
LH:24
end_of_record
SF:lib\queue.dart
DA:6,1
DA:7,2
DA:9,1
DA:11,1
DA:12,2
DA:13,1
DA:17,1
DA:18,1
DA:21,1
DA:22,1
DA:23,2
DA:24,2
DA:25,2
DA:26,1
DA:29,1
DA:32,4
DA:34,2
DA:36,2
DA:37,2
DA:39,0
DA:40,0
DA:47,1
LF:22
LH:20
end_of_record
SF:lib\quick_sort.dart
DA:1,1
DA:2,1
DA:6,1
DA:7,2
DA:8,2
DA:11,1
DA:12,1
DA:14,1
DA:16,2
DA:17,2
DA:18,1
DA:19,1
DA:20,2
DA:21,1
DA:25,1
DA:26,2
DA:27,1
DA:32,1
DA:33,3
LF:19
LH:19
end_of_record
SF:lib\stack.dart
DA:8,1
DA:9,1
DA:11,2
DA:13,1
DA:14,1
DA:18,2
DA:19,1
DA:22,1
DA:23,4
DA:24,1
DA:25,1
DA:26,2
DA:30,1
DA:33,3
DA:35,2
DA:37,0
DA:38,0
DA:45,1
LF:18
LH:16
end_of_record
SF:lib\two_crystal_balls.dart
DA:3,1
DA:4,3
DA:8,3
DA:9,1
DA:14,1
DA:16,5
DA:17,1
DA:21,1
LF:8
LH:8
end_of_record
