SF:lib\bubble_sort.dart
DA:1,1
DA:4,3
DA:5,5
DA:6,4
DA:7,2
DA:8,3
DA:9,1
LF:7
LH:7
end_of_record
SF:lib\doubly_linked_list.dart
DA:16,1
DA:24,1
DA:26,2
DA:28,1
DA:30,1
DA:31,2
DA:32,2
DA:34,1
DA:38,2
DA:41,1
DA:43,1
DA:44,2
DA:45,1
DA:46,2
DA:47,2
DA:48,1
DA:52,2
DA:55,1
DA:57,1
DA:59,1
DA:62,1
DA:64,1
DA:65,3
DA:66,0
DA:67,2
DA:68,0
DA:69,0
DA:70,1
DA:71,0
DA:72,0
DA:75,2
DA:77,1
DA:78,2
DA:79,1
DA:82,1
DA:83,2
DA:85,2
DA:86,1
DA:88,1
DA:91,1
DA:92,1
DA:94,1
DA:96,1
DA:98,3
DA:99,2
DA:102,1
DA:106,0
DA:109,2
DA:111,1
DA:113,1
DA:114,0
DA:115,0
DA:116,0
DA:120,1
DA:121,0
DA:122,0
DA:123,0
DA:127,3
DA:128,3
DA:130,1
DA:131,1
DA:136,1
DA:138,1
DA:141,0
DA:144,2
DA:146,1
DA:148,1
DA:149,0
DA:150,0
DA:151,0
DA:155,1
DA:156,0
DA:157,0
DA:158,0
DA:162,3
DA:163,3
DA:165,1
DA:166,1
DA:171,1
DA:172,3
DA:173,0
DA:176,1
DA:178,2
DA:179,1
DA:185,0
DA:187,0
DA:188,0
DA:190,0
DA:191,0
DA:192,0
DA:195,0
LF:91
LH:64
end_of_record
SF:lib\binary_search.dart
DA:1,1
DA:2,1
DA:5,4
DA:7,2
DA:9,2
DA:10,1
DA:14,1
LF:7
LH:7
end_of_record
SF:lib\linear_search.dart
DA:1,1
DA:2,3
DA:3,2
LF:3
LH:3
end_of_record
SF:lib\maze_solver.dart
DA:10,1
DA:18,1
DA:20,5
DA:22,1
DA:23,1
DA:27,4
DA:29,4
DA:30,1
DA:32,3
DA:33,1
DA:35,1
DA:38,1
DA:46,1
DA:50,1
DA:56,1
DA:57,1
DA:59,3
DA:60,4
DA:62,1
DA:67,1
DA:68,2
DA:69,4
DA:70,2
DA:71,3
LF:24
LH:24
end_of_record
SF:lib\queue.dart
DA:6,1
DA:7,2
DA:9,1
DA:11,1
DA:12,2
DA:13,1
DA:17,1
DA:18,1
DA:21,1
DA:22,1
DA:23,2
DA:24,2
DA:25,2
DA:26,1
DA:29,1
DA:32,4
DA:34,2
DA:36,2
DA:37,2
DA:39,0
DA:40,0
DA:47,1
LF:22
LH:20
end_of_record
SF:lib\quick_sort.dart
DA:1,1
DA:2,1
DA:6,1
DA:7,2
DA:8,2
DA:11,1
DA:12,1
DA:14,1
DA:16,2
DA:17,2
DA:18,1
DA:19,1
DA:20,2
DA:21,1
DA:25,1
DA:26,2
DA:27,1
DA:32,1
DA:33,3
LF:19
LH:19
end_of_record
SF:lib\stack.dart
DA:8,1
DA:9,1
DA:11,2
DA:13,1
DA:14,1
DA:18,2
DA:19,1
DA:22,1
DA:23,4
DA:24,1
DA:25,1
DA:26,2
DA:30,1
DA:33,3
DA:35,2
DA:37,0
DA:38,0
DA:45,1
LF:18
LH:16
end_of_record
SF:lib\two_crystal_balls.dart
DA:3,1
DA:4,3
DA:8,3
DA:9,1
DA:14,1
DA:16,5
DA:17,1
DA:21,1
LF:8
LH:8
end_of_record
